[debug] [2021-07-28T20:43:43.001Z] ----------------------------------------------------------------------
[debug] [2021-07-28T20:43:43.011Z] Command:       C:\Program Files\nodejs\node.exe C:\Users\Raffasya\AppData\Roaming\npm\node_modules\firebase-tools\lib\bin\firebase.js init hosting
[debug] [2021-07-28T20:43:43.013Z] CLI Version:   9.13.1
[debug] [2021-07-28T20:43:43.013Z] Platform:      win32
[debug] [2021-07-28T20:43:43.013Z] Node Version:  v15.12.0
[debug] [2021-07-28T20:43:43.017Z] Time:          Thu Jul 29 2021 03:43:43 GMT+0700 (Western Indonesia Time)
[debug] [2021-07-28T20:43:43.018Z] ----------------------------------------------------------------------
[debug] 
[debug] [2021-07-28T20:43:43.031Z] >>> [apiv2][query] GET https://firebase-public.firebaseio.com/cli.json [none]
[debug] [2021-07-28T20:43:43.111Z] > command requires scopes: ["email","openid","https://www.googleapis.com/auth/cloudplatformprojects.readonly","https://www.googleapis.com/auth/firebase","https://www.googleapis.com/auth/cloud-platform"]
[debug] [2021-07-28T20:43:43.111Z] > authorizing via signed-in user (adiisrahadi@gmail.com)
[info] 
     ######## #### ########  ######## ########     ###     ######  ########
     ##        ##  ##     ## ##       ##     ##  ##   ##  ##       ##
     ######    ##  ########  ######   ########  #########  ######  ######
     ##        ##  ##    ##  ##       ##     ## ##     ##       ## ##
     ##       #### ##     ## ######## ########  ##     ##  ######  ########

You're about to initialize a Firebase project in this directory:

  C:\Users\Raffasya\Downloads\Ambislah

[debug] [2021-07-28T20:43:43.983Z] <<< [apiv2][status] GET https://firebase-public.firebaseio.com/cli.json 200
[debug] [2021-07-28T20:43:43.985Z] <<< [apiv2][body] GET https://firebase-public.firebaseio.com/cli.json {"cloudBuildErrorAfter":1594252800000,"cloudBuildWarnAfter":1590019200000,"defaultNode10After":1594252800000,"minVersion":"3.0.5","node8DeploysDisabledAfter":1613390400000,"node8RuntimeDisabledAfter":1615809600000,"node8WarnAfter":1600128000000}
